<?xml version="1.0" encoding="UTF-8"?>
<!-- Generated by org.testng.reporters.JUnitReportReporter -->
<testsuite hostname="Mahima-Dell" failures="0" tests="3" name="testcases.SimplilearnLoginTest" time="22.414" errors="0" timestamp="18 Sep 2022 04:36:41 GMT" skipped="0">
  <testcase classname="testcases.SimplilearnLoginTest" name="Test1" time="7.065"/>
  <testcase classname="testcases.SimplilearnLoginTest" name="Test3" time="6.444"/>
  <testcase classname="testcases.SimplilearnLoginTest" name="Test2" time="8.905"/>
</testsuite> <!-- testcases.SimplilearnLoginTest -->
