<?xml version="1.0" encoding="UTF-8"?>
<!-- Generated by org.testng.reporters.JUnitReportReporter -->
<testsuite hostname="Mahima-Dell" failures="0" tests="3" name="testcases.SimplilearnLoginTest" time="26.243" errors="0" timestamp="2022-09-10T22:27:16 PDT" skipped="0">
  <testcase classname="testcases.SimplilearnLoginTest" name="Test1" time="9.451"/>
  <system-out/>
  <testcase classname="testcases.SimplilearnLoginTest" name="Test3" time="8.499"/>
  <system-out/>
  <testcase classname="testcases.SimplilearnLoginTest" name="Test2" time="8.293"/>
  <system-out/>
</testsuite> <!-- testcases.SimplilearnLoginTest -->
