<?xml version="1.0" encoding="UTF-8"?>
<!-- Generated by org.testng.reporters.JUnitReportReporter -->
<testsuite hostname="Mahima-Dell" failures="0" tests="1" name="testcases.SampleClass" time="4.087" errors="0" timestamp="2022-09-10T22:53:57 PDT" skipped="0">
  <testcase classname="testcases.SampleClass" name="sample" time="4.087"/>
  <system-out/>
</testsuite> <!-- testcases.SampleClass -->
