<?xml version="1.0" encoding="UTF-8"?>
<!-- Generated by org.testng.reporters.JUnitReportReporter -->
<testsuite hostname="Mahima-Dell" failures="0" tests="1" name="testcases.HomeTest" time="2.884" errors="0" timestamp="2022-09-10T22:19:52 PDT" skipped="0">
  <testcase classname="testcases.HomeTest" name="Test1" time="2.884"/>
  <system-out/>
</testsuite> <!-- testcases.HomeTest -->
