<?xml version="1.0" encoding="UTF-8"?>
<!-- Generated by org.testng.reporters.JUnitReportReporter -->
<testsuite hostname="Mahima-Dell" failures="0" tests="3" name="testcases.SimplilearnLoginTest" time="63.231" errors="0" timestamp="24 Sep 2022 07:30:50 GMT" skipped="0">
  <testcase classname="testcases.SimplilearnLoginTest" name="Test1" time="8.929"/>
  <testcase classname="testcases.SimplilearnLoginTest" name="Test3" time="26.805"/>
  <testcase classname="testcases.SimplilearnLoginTest" name="Test2" time="27.497"/>
</testsuite> <!-- testcases.SimplilearnLoginTest -->
