<?xml version="1.0" encoding="UTF-8"?>
<!-- Generated by org.testng.reporters.JUnitReportReporter -->
<testsuite hostname="Mahima-Dell" failures="0" tests="3" name="testcases.SimplilearnLoginTest" time="26.576" errors="0" timestamp="12 Sep 2022 21:33:04 GMT" skipped="0">
  <testcase classname="testcases.SimplilearnLoginTest" name="Test1" time="8.755"/>
  <testcase classname="testcases.SimplilearnLoginTest" name="Test2" time="9.446"/>
  <testcase classname="testcases.SimplilearnLoginTest" name="Test3" time="8.375"/>
</testsuite> <!-- testcases.SimplilearnLoginTest -->
