<?xml version="1.0" encoding="UTF-8"?>
<!-- Generated by org.testng.reporters.JUnitReportReporter -->
<testsuite hostname="Mahima-Dell" failures="0" tests="3" name="testcases.SimplilearnLoginTest" time="30.139" errors="0" timestamp="12 Sep 2022 21:36:11 GMT" skipped="0">
  <testcase classname="testcases.SimplilearnLoginTest" name="Test3" time="11.532"/>
  <testcase classname="testcases.SimplilearnLoginTest" name="Test1" time="9.301"/>
  <testcase classname="testcases.SimplilearnLoginTest" name="Test2" time="9.306"/>
</testsuite> <!-- testcases.SimplilearnLoginTest -->
