<?xml version="1.0" encoding="UTF-8"?>
<!-- Generated by org.testng.reporters.JUnitReportReporter -->
<testsuite hostname="Mahima-Dell" failures="0" tests="3" name="testcases.SimplilearnLoginTest" time="21.523" errors="0" timestamp="18 Sep 2022 07:27:56 GMT" skipped="0">
  <testcase classname="testcases.SimplilearnLoginTest" name="Test2" time="5.889"/>
  <testcase classname="testcases.SimplilearnLoginTest" name="Test1" time="6.947"/>
  <testcase classname="testcases.SimplilearnLoginTest" name="Test3" time="8.687"/>
</testsuite> <!-- testcases.SimplilearnLoginTest -->
