<?xml version="1.0" encoding="UTF-8"?>
<!-- Generated by org.testng.reporters.JUnitReportReporter -->
<testsuite hostname="Mahima-Dell" failures="0" tests="3" name="testcases.SimplilearnLoginTest" time="23.463" errors="0" timestamp="18 Sep 2022 06:34:46 GMT" skipped="0">
  <testcase classname="testcases.SimplilearnLoginTest" name="Test2" time="8.220"/>
  <testcase classname="testcases.SimplilearnLoginTest" name="Test1" time="8.219"/>
  <testcase classname="testcases.SimplilearnLoginTest" name="Test3" time="7.024"/>
</testsuite> <!-- testcases.SimplilearnLoginTest -->
