<?xml version="1.0" encoding="UTF-8"?>
<!-- Generated by org.testng.reporters.JUnitReportReporter -->
<testsuite hostname="Mahima-Dell" failures="0" tests="1" name="testcases.HomeTest" time="2.649" errors="0" timestamp="12 Sep 2022 21:36:11 GMT" skipped="0">
  <testcase classname="testcases.HomeTest" name="Test1" time="2.649"/>
</testsuite> <!-- testcases.HomeTest -->
